<?xml version="1.0" encoding="UTF-8"?>
<testsuite xmlns:xsi="http://www.w3.org/2001/XMLSchema-instance" xsi:noNamespaceSchemaLocation="https://maven.apache.org/surefire/maven-surefire-plugin/xsd/surefire-test-report.xsd" name="fr.ufrsciencestech.panier.model.PanierTest" time="0.089" tests="16" errors="4" skipped="0" failures="3">
  <properties>
[...]
</properties>
  <testcase name="testBoycotteOrigine" classname="fr.ufrsciencestech.panier.model.PanierTest" time="0.011">
    <error type="java.util.ConcurrentModificationException">java.util.ConcurrentModificationException
	at fr.ufrsciencestech.panier.model.PanierTest.testBoycotteOrigine(PanierTest.java:308)
</error>
  </testcase>
  <testcase name="testEstVide" classname="fr.ufrsciencestech.panier.model.PanierTest" time="0"/>
  <testcase name="testNotifyUpdate" classname="fr.ufrsciencestech.panier.model.PanierTest" time="0.003">
    <error message="Cannot invoke &quot;fr.ufrsciencestech.panier.model.Panier.notifyUpdate()&quot; because &quot;instance&quot; is null" type="java.lang.NullPointerException">java.lang.NullPointerException: Cannot invoke "fr.ufrsciencestech.panier.model.Panier.notifyUpdate()" because "instance" is null
	at fr.ufrsciencestech.panier.model.PanierTest.testNotifyUpdate(PanierTest.java:338)
</error>
    <system-out><![CDATA[notifyUpdate
]]></system-out>
  </testcase>
  <testcase name="testGetFruit" classname="fr.ufrsciencestech.panier.model.PanierTest" time="0"/>
  <testcase name="testGetContenanceMax" classname="fr.ufrsciencestech.panier.model.PanierTest" time="0"/>
  <testcase name="testEstPlein" classname="fr.ufrsciencestech.panier.model.PanierTest" time="0"/>
  <testcase name="testAjout" classname="fr.ufrsciencestech.panier.model.PanierTest" time="0"/>
  <testcase name="testToString" classname="fr.ufrsciencestech.panier.model.PanierTest" time="0"/>
  <testcase name="testGetPrix" classname="fr.ufrsciencestech.panier.model.PanierTest" time="0.002">
    <failure message="expected:&lt;7.0&gt; but was:&lt;6.0&gt;" type="java.lang.AssertionError"><![CDATA[java.lang.AssertionError: expected:<7.0> but was:<6.0>
	at fr.ufrsciencestech.panier.model.PanierTest.testGetPrix(PanierTest.java:298)
]]></failure>
  </testcase>
  <testcase name="testRetrait" classname="fr.ufrsciencestech.panier.model.PanierTest" time="0"/>
  <testcase name="testSetFruits" classname="fr.ufrsciencestech.panier.model.PanierTest" time="0.001">
    <failure message="expected:&lt;[Poire de uno a 0.5 euros, Poire de dos a 0.5 euros, Poire de uno a 0.5 euros]&gt; but was:&lt;[Poire de uno a 0.5 euros]&gt;" type="java.lang.AssertionError"><![CDATA[java.lang.AssertionError: expected:<[Poire de uno a 0.5 euros, Poire de dos a 0.5 euros, Poire de uno a 0.5 euros]> but was:<[Poire de uno a 0.5 euros]>
	at fr.ufrsciencestech.panier.model.PanierTest.testSetFruits(PanierTest.java:138)
]]></failure>
  </testcase>
  <testcase name="testGetTaillePanier" classname="fr.ufrsciencestech.panier.model.PanierTest" time="0.001"/>
  <testcase name="testGetFruits" classname="fr.ufrsciencestech.panier.model.PanierTest" time="0"/>
  <testcase name="testEquals" classname="fr.ufrsciencestech.panier.model.PanierTest" time="0.001">
    <error message="Cannot invoke &quot;fr.ufrsciencestech.panier.model.Panier.equals(Object)&quot; because &quot;instance&quot; is null" type="java.lang.NullPointerException">java.lang.NullPointerException: Cannot invoke "fr.ufrsciencestech.panier.model.Panier.equals(Object)" because "instance" is null
	at fr.ufrsciencestech.panier.model.PanierTest.testEquals(PanierTest.java:325)
</error>
    <system-out><![CDATA[equals
]]></system-out>
  </testcase>
  <testcase name="testUpdate" classname="fr.ufrsciencestech.panier.model.PanierTest" time="0.001">
    <failure message="Une IllegalArgumentException devrait être levée" type="java.lang.AssertionError">java.lang.AssertionError: Une IllegalArgumentException devrait être levée
	at fr.ufrsciencestech.panier.model.PanierTest.testUpdate(PanierTest.java:367)
</failure>
  </testcase>
  <testcase name="testSetFruit" classname="fr.ufrsciencestech.panier.model.PanierTest" time="0.003">
    <error message="Index 1 out of bounds for length 1" type="java.lang.IndexOutOfBoundsException">java.lang.IndexOutOfBoundsException: Index 1 out of bounds for length 1
	at fr.ufrsciencestech.panier.model.PanierTest.testSetFruit(PanierTest.java:207)
</error>
  </testcase>
</testsuite>