<?xml version="1.0" encoding="UTF-8"?>
<testsuite xmlns:xsi="http://www.w3.org/2001/XMLSchema-instance" xsi:noNamespaceSchemaLocation="https://maven.apache.org/surefire/maven-surefire-plugin/xsd/surefire-test-report.xsd" name="fr.ufrsciencestech.panier.model.BananeTest" time="0.067" tests="7" errors="0" skipped="0" failures="7">
  <properties>
[...]
</properties>
  <testcase name="testToString" classname="fr.ufrsciencestech.panier.model.BananeTest" time="0.011">
    <failure message="expected:&lt;[]&gt; but was:&lt;[Bananes de Maroc a 0.5 euros]&gt;" type="org.junit.ComparisonFailure"><![CDATA[org.junit.ComparisonFailure: expected:<[]> but was:<[Bananes de Maroc a 0.5 euros]>
	at fr.ufrsciencestech.panier.model.BananeTest.testToString(BananeTest.java:110)
]]></failure>
    <system-out><![CDATA[ConstructorNull
Constructor
Constructor
toString
]]></system-out>
  </testcase>
  <testcase name="testGetOrigine" classname="fr.ufrsciencestech.panier.model.BananeTest" time="0">
    <failure message="expected:&lt;[]&gt; but was:&lt;[Maroc]&gt;" type="org.junit.ComparisonFailure"><![CDATA[org.junit.ComparisonFailure: expected:<[]> but was:<[Maroc]>
	at fr.ufrsciencestech.panier.model.BananeTest.testGetOrigine(BananeTest.java:83)
]]></failure>
    <system-out><![CDATA[ConstructorNull
Constructor
Constructor
getOrigine
]]></system-out>
  </testcase>
  <testcase name="testIsSeedless" classname="fr.ufrsciencestech.panier.model.BananeTest" time="0">
    <failure message="The test case is a prototype." type="java.lang.AssertionError">java.lang.AssertionError: The test case is a prototype.
	at fr.ufrsciencestech.panier.model.BananeTest.testIsSeedless(BananeTest.java:141)
</failure>
    <system-out><![CDATA[ConstructorNull
Constructor
Constructor
isSeedless
]]></system-out>
  </testcase>
  <testcase name="testGetPrix" classname="fr.ufrsciencestech.panier.model.BananeTest" time="0.001">
    <failure message="expected:&lt;0.0&gt; but was:&lt;0.5&gt;" type="java.lang.AssertionError"><![CDATA[java.lang.AssertionError: expected:<0.0> but was:<0.5>
	at fr.ufrsciencestech.panier.model.BananeTest.testGetPrix(BananeTest.java:52)
]]></failure>
    <system-out><![CDATA[ConstructorNull
Constructor
Constructor
getPrix
]]></system-out>
  </testcase>
  <testcase name="testSetOrigine" classname="fr.ufrsciencestech.panier.model.BananeTest" time="0">
    <failure message="The test case is a prototype." type="java.lang.AssertionError">java.lang.AssertionError: The test case is a prototype.
	at fr.ufrsciencestech.panier.model.BananeTest.testSetOrigine(BananeTest.java:98)
</failure>
    <system-out><![CDATA[ConstructorNull
Constructor
Constructor
setOrigine
]]></system-out>
  </testcase>
  <testcase name="testEquals" classname="fr.ufrsciencestech.panier.model.BananeTest" time="0.001">
    <failure message="The test case is a prototype." type="java.lang.AssertionError">java.lang.AssertionError: The test case is a prototype.
	at fr.ufrsciencestech.panier.model.BananeTest.testEquals(BananeTest.java:127)
</failure>
    <system-out><![CDATA[ConstructorNull
Constructor
Constructor
equals
]]></system-out>
  </testcase>
  <testcase name="testSetPrix" classname="fr.ufrsciencestech.panier.model.BananeTest" time="0">
    <failure message="The test case is a prototype." type="java.lang.AssertionError">java.lang.AssertionError: The test case is a prototype.
	at fr.ufrsciencestech.panier.model.BananeTest.testSetPrix(BananeTest.java:71)
</failure>
    <system-out><![CDATA[ConstructorNull
Constructor
Constructor
setPrix
]]></system-out>
  </testcase>
</testsuite>