<?xml version="1.0" encoding="UTF-8"?>
<testsuite xmlns:xsi="http://www.w3.org/2001/XMLSchema-instance" xsi:noNamespaceSchemaLocation="https://maven.apache.org/surefire/maven-surefire-plugin/xsd/surefire-test-report.xsd" name="fr.ufrsciencestech.panier.model.BananeTest" time="0.047" tests="7" errors="0" skipped="0" failures="7">
  <properties>
[...]
</properties>
  <testcase name="testToString" classname="fr.ufrsciencestech.panier.model.BananeTest" time="0.006">
    <failure message="expected:&lt;0.5&gt; but was:&lt;0.6&gt;" type="java.lang.AssertionError"><![CDATA[java.lang.AssertionError: expected:<0.5> but was:<0.6>
	at fr.ufrsciencestech.panier.model.BananeTest.<init>(BananeTest.java:31)
]]></failure>
    <system-out><![CDATA[ConstructorNull
Constructor
]]></system-out>
  </testcase>
  <testcase name="testGetOrigine" classname="fr.ufrsciencestech.panier.model.BananeTest" time="0">
    <failure message="expected:&lt;0.5&gt; but was:&lt;0.6&gt;" type="java.lang.AssertionError"><![CDATA[java.lang.AssertionError: expected:<0.5> but was:<0.6>
	at fr.ufrsciencestech.panier.model.BananeTest.<init>(BananeTest.java:31)
]]></failure>
    <system-out><![CDATA[ConstructorNull
Constructor
]]></system-out>
  </testcase>
  <testcase name="testIsSeedless" classname="fr.ufrsciencestech.panier.model.BananeTest" time="0">
    <failure message="expected:&lt;0.5&gt; but was:&lt;0.6&gt;" type="java.lang.AssertionError"><![CDATA[java.lang.AssertionError: expected:<0.5> but was:<0.6>
	at fr.ufrsciencestech.panier.model.BananeTest.<init>(BananeTest.java:31)
]]></failure>
    <system-out><![CDATA[ConstructorNull
Constructor
]]></system-out>
  </testcase>
  <testcase name="testGetPrix" classname="fr.ufrsciencestech.panier.model.BananeTest" time="0.001">
    <failure message="expected:&lt;0.5&gt; but was:&lt;0.6&gt;" type="java.lang.AssertionError"><![CDATA[java.lang.AssertionError: expected:<0.5> but was:<0.6>
	at fr.ufrsciencestech.panier.model.BananeTest.<init>(BananeTest.java:31)
]]></failure>
    <system-out><![CDATA[ConstructorNull
Constructor
]]></system-out>
  </testcase>
  <testcase name="testSetOrigine" classname="fr.ufrsciencestech.panier.model.BananeTest" time="0">
    <failure message="expected:&lt;0.5&gt; but was:&lt;0.6&gt;" type="java.lang.AssertionError"><![CDATA[java.lang.AssertionError: expected:<0.5> but was:<0.6>
	at fr.ufrsciencestech.panier.model.BananeTest.<init>(BananeTest.java:31)
]]></failure>
    <system-out><![CDATA[ConstructorNull
Constructor
]]></system-out>
  </testcase>
  <testcase name="testEquals" classname="fr.ufrsciencestech.panier.model.BananeTest" time="0.001">
    <failure message="expected:&lt;0.5&gt; but was:&lt;0.6&gt;" type="java.lang.AssertionError"><![CDATA[java.lang.AssertionError: expected:<0.5> but was:<0.6>
	at fr.ufrsciencestech.panier.model.BananeTest.<init>(BananeTest.java:31)
]]></failure>
    <system-out><![CDATA[ConstructorNull
Constructor
]]></system-out>
  </testcase>
  <testcase name="testSetPrix" classname="fr.ufrsciencestech.panier.model.BananeTest" time="0">
    <failure message="expected:&lt;0.5&gt; but was:&lt;0.6&gt;" type="java.lang.AssertionError"><![CDATA[java.lang.AssertionError: expected:<0.5> but was:<0.6>
	at fr.ufrsciencestech.panier.model.BananeTest.<init>(BananeTest.java:31)
]]></failure>
    <system-out><![CDATA[ConstructorNull
Constructor
]]></system-out>
  </testcase>
</testsuite>