<?xml version="1.0" encoding="UTF-8"?>
<testsuite xmlns:xsi="http://www.w3.org/2001/XMLSchema-instance" xsi:noNamespaceSchemaLocation="https://maven.apache.org/surefire/maven-surefire-plugin/xsd/surefire-test-report.xsd" name="fr.ufrsciencestech.panier.model.SaladeFruitsTest" time="0.073" tests="6" errors="0" skipped="0" failures="0">
  <properties>
[...]
</properties>
  <testcase name="testRetirFruit" classname="fr.ufrsciencestech.panier.model.SaladeFruitsTest" time="0.005"/>
  <testcase name="testToString" classname="fr.ufrsciencestech.panier.model.SaladeFruitsTest" time="0"/>
  <testcase name="testAjoutFruit" classname="fr.ufrsciencestech.panier.model.SaladeFruitsTest" time="0"/>
  <testcase name="testGetOrigine" classname="fr.ufrsciencestech.panier.model.SaladeFruitsTest" time="0.001"/>
  <testcase name="testIsSeedless" classname="fr.ufrsciencestech.panier.model.SaladeFruitsTest" time="0.001"/>
  <testcase name="testGetPrix" classname="fr.ufrsciencestech.panier.model.SaladeFruitsTest" time="0.001"/>
</testsuite>